<?xml version="1.0" encoding="UTF-8"?>
<testng-results ignored="0" total="1" passed="1" failed="0" skipped="0">
  <reporter-output>
  </reporter-output>
  <suite started-at="2021-12-18T17:31:13 IST" name="Default suite" finished-at="2021-12-18T17:31:13 IST" duration-ms="293">
    <groups>
    </groups>
    <test started-at="2021-12-18T17:31:13 IST" name="Default test" finished-at="2021-12-18T17:31:13 IST" duration-ms="293">
      <class name="com.crm.SDET25_SampleGitPractice.SampleGitPractice.AppTest">
        <test-method signature="shouldAnswerWithTrue()[pri:0, instance:com.crm.SDET25_SampleGitPractice.SampleGitPractice.AppTest@40cb8df7]" started-at="2021-12-18T17:31:13 IST" name="shouldAnswerWithTrue" finished-at="2021-12-18T17:31:13 IST" duration-ms="43" status="PASS">
          <reporter-output>
          </reporter-output>
        </test-method> <!-- shouldAnswerWithTrue -->
      </class> <!-- com.crm.SDET25_SampleGitPractice.SampleGitPractice.AppTest -->
    </test> <!-- Default test -->
  </suite> <!-- Default suite -->
</testng-results>
